<?xml version="1.0" encoding="UTF-8"?>
<!-- Generated by org.testng.reporters.JUnitReportReporter -->
<testsuite hostname="Chinni-PC" failures="0" tests="3" name="demo.LibraryPractice" time="3.227" errors="0" timestamp="2023-10-22T20:54:15 IST" skipped="0">
  <testcase classname="demo.LibraryPractice" name="libraryCollection" time="2.224"/>
  <system-out/>
  <testcase classname="demo.LibraryPractice" name="libraryCollection" time="0.481"/>
  <system-out/>
  <testcase classname="demo.LibraryPractice" name="libraryCollection" time="0.522"/>
  <system-out/>
</testsuite> <!-- demo.LibraryPractice -->
