<?xml version="1.0" encoding="UTF-8"?>
<!-- Generated by org.testng.reporters.JUnitReportReporter -->
<testsuite hostname="Chinni-PC" failures="0" tests="1" name="demo.sumValidation" time="1.145" errors="0" timestamp="2023-10-18T13:11:36 IST" skipped="0">
  <testcase classname="demo.sumValidation" name="sumOfCourses" time="1.145"/>
  <system-out/>
</testsuite> <!-- demo.sumValidation -->
