<?xml version="1.0" encoding="UTF-8"?>
<!-- Generated by org.testng.reporters.JUnitReportReporter -->
<testsuite hostname="Chinni-PC" failures="0" tests="3" name="files.DynamicJson" time="3.420" errors="0" timestamp="2023-10-21T11:01:27 IST" skipped="0">
  <testcase classname="files.DynamicJson" name="addBook" time="0.575"/>
  <system-out/>
  <testcase classname="files.DynamicJson" name="addBook" time="2.294"/>
  <system-out/>
  <testcase classname="files.DynamicJson" name="addBook" time="0.551"/>
  <system-out/>
</testsuite> <!-- files.DynamicJson -->
